C:\USERS\ADMIN\DOCUMENTS\VISUAL STUDIO 2012\PROJECTS\PETOOL\PETOOL\DEBUG\PETOOL.OBJ
C:\USERS\ADMIN\DOCUMENTS\VISUAL STUDIO 2012\PROJECTS\PETOOL\PETOOL\DEBUG\STDAFX.OBJ
C:\USERS\ADMIN\DOCUMENTS\VISUAL STUDIO 2012\PROJECTS\PETOOL\PETOOL\DEBUG\VC110.PDB
C:\USERS\ADMIN\DOCUMENTS\VISUAL STUDIO 2012\PROJECTS\PETOOL\PETOOL\DEBUG\PETOOL.ILK
C:\USERS\ADMIN\DOCUMENTS\VISUAL STUDIO 2012\PROJECTS\PETOOL\PETOOL\DEBUG\PETOOL.EXE
C:\USERS\ADMIN\DOCUMENTS\VISUAL STUDIO 2012\PROJECTS\PETOOL\PETOOL\DEBUG\PETOOL.PDB
C:\USERS\ADMIN\DOCUMENTS\VISUAL STUDIO 2012\PROJECTS\PETOOL\PETOOL\DEBUG\PETOOL.RES
C:\Users\admin\Documents\visual studio 2012\Projects\PETOOL\PETOOL\Debug\PETOOL.obj
C:\Users\admin\Documents\visual studio 2012\Projects\PETOOL\PETOOL\Debug\stdafx.obj
C:\Users\admin\Documents\visual studio 2012\Projects\PETOOL\PETOOL\Debug\PETOOL.ilk
C:\Users\admin\Documents\visual studio 2012\Projects\PETOOL\PETOOL\Debug\cl.command.1.tlog
C:\Users\admin\Documents\visual studio 2012\Projects\PETOOL\PETOOL\Debug\CL.read.1.tlog
C:\Users\admin\Documents\visual studio 2012\Projects\PETOOL\PETOOL\Debug\CL.write.1.tlog
C:\Users\admin\Documents\visual studio 2012\Projects\PETOOL\PETOOL\Debug\link-cvtres.read.1.tlog
C:\Users\admin\Documents\visual studio 2012\Projects\PETOOL\PETOOL\Debug\link-cvtres.write.1.tlog
C:\Users\admin\Documents\visual studio 2012\Projects\PETOOL\PETOOL\Debug\link-rc.read.1.tlog
C:\Users\admin\Documents\visual studio 2012\Projects\PETOOL\PETOOL\Debug\link-rc.write.1.tlog
C:\Users\admin\Documents\visual studio 2012\Projects\PETOOL\PETOOL\Debug\link.command.1.tlog
C:\Users\admin\Documents\visual studio 2012\Projects\PETOOL\PETOOL\Debug\link.read.1.tlog
C:\Users\admin\Documents\visual studio 2012\Projects\PETOOL\PETOOL\Debug\link.write.1.tlog
C:\Users\admin\Documents\visual studio 2012\Projects\PETOOL\PETOOL\Debug\rc.command.1.tlog
C:\Users\admin\Documents\visual studio 2012\Projects\PETOOL\PETOOL\Debug\rc.read.1.tlog
C:\Users\admin\Documents\visual studio 2012\Projects\PETOOL\PETOOL\Debug\rc.write.1.tlog
C:\Users\admin\Documents\visual studio 2012\Projects\PETOOL\PETOOL\Debug\PETOOL.res
C:\Users\admin\Documents\visual studio 2012\Projects\PETOOL\PETOOL\Debug\vc110.idb
C:\Users\admin\Documents\visual studio 2012\Projects\PETOOL\PETOOL\Debug\PETOOL.pdb
C:\Users\admin\Documents\visual studio 2012\Projects\PETOOL\PETOOL\Debug\vc110.pdb
C:\Users\admin\Documents\Visual Studio 2012\Projects\PETOOL\PETOOL\Debug\PETOOL.pdb
C:\Users\admin\Documents\Visual Studio 2012\Projects\PETOOL\PETOOL\Debug\PETOOL.exe
C:\Users\admin\Documents\Visual Studio 2012\Projects\PETOOL\PETOOL\Debug\PETOOL.ilk
